<?xml version="1.0" encoding="UTF-8"?>
<!-- Generated by org.testng.reporters.JUnitReportReporter -->
<testsuite hostname="LAPTOP-GA4HMSSR" failures="0" tests="2" name="com.qa.groups.TestClass" time="0.010" errors="0" timestamp="2022-11-21T09:45:08 IST" skipped="0">
  <testcase classname="com.qa.groups.TestClass" name="Test04" time="0.001"/>
  <system-out/>
  <testcase classname="com.qa.groups.TestClass" name="Test02" time="0.009"/>
  <system-out/>
</testsuite> <!-- com.qa.groups.TestClass -->
